[ERROR Jul  3 18:19:16.789352200, defaults.go:139] Could not load configuration: Failed to load configuration.

Stacktrace: D:/a/cli/cli/internal/logging/logging.go:github.com/ActiveState/cli/internal/logging.Error:258
D:/a/cli/cli/internal/logging/defaults.go:github.com/ActiveState/cli/internal/logging.init.0:139
C:/hostedtoolcache/windows/go/1.15.8/x64/src/runtime/proc.go:runtime.doInit:5652
C:/hostedtoolcache/windows/go/1.15.8/x64/src/runtime/proc.go:runtime.doInit:5647
C:/hostedtoolcache/windows/go/1.15.8/x64/src/runtime/proc.go:runtime.doInit:5647
C:/hostedtoolcache/windows/go/1.15.8/x64/src/runtime/proc.go:runtime.main:191
C:/hostedtoolcache/windows/go/1.15.8/x64/src/runtime/asm_amd64.s:runtime.goexit:1374

[DEBUG Jul  3 18:19:16.793398400, locale.go:34] Init
[DEBUG Jul  3 18:19:22.206889900, secrets.go:35] Gcloud Secretmanager failed to initialize (ignore if you're not trying to use gcloud): google: could not find default credentials. See https://developers.google.com/accounts/docs/application-default-credentials for more information.
[DEBUG Jul  3 18:19:22.312191100, output.go:52] Requested outputer for editor
[DEBUG Jul  3 18:19:22.312191100, output.go:69] Using Editor outputer
[DEBUG Jul  3 18:19:22.313207000, main.go:110] ConfigPath: C:\Users\Tanner\AppData\Roaming\activestate\cli-release
[DEBUG Jul  3 18:19:22.313207000, main.go:111] CachePath: C:\Users\Tanner\AppData\Local\activestate
[DEBUG Jul  3 18:19:22.313207000, subshell.go:87] Detected SHELL: C:\WINDOWS\system32\cmd.exe
[DEBUG Jul  3 18:19:22.314206500, subshell.go:122] Using binary: C:\WINDOWS\system32\cmd.exe
[DEBUG Jul  3 18:19:22.315216100, secrets.go:61] secrets-api scheme=https host=platform.activestate.com base_path=/api/secrets/v1
[DEBUG Jul  3 18:19:22.318215800, secrets.go:61] secrets-api scheme=https host=platform.activestate.com base_path=/api/secrets/v1
[DEBUG Jul  3 18:19:22.320321300, check.go:69] Checking for updates.
[DEBUG Jul  3 18:19:22.320321300, updater.go:270] Fetching update URL: https://state-tool.s3.amazonaws.com/update/state/release/windows-amd64.json
[DEBUG Jul  3 18:19:23.324299600, check.go:87] Automatically checking for updates timed out
[DEBUG Jul  3 18:19:23.325582700, deprecation.go:153] Fetching deprecation information from S3
