[ERROR Jul  3 18:18:48.157840200, defaults.go:139] Could not load configuration: Failed to load configuration.

Stacktrace: D:/a/cli/cli/internal/logging/logging.go:github.com/ActiveState/cli/internal/logging.Error:258
D:/a/cli/cli/internal/logging/defaults.go:github.com/ActiveState/cli/internal/logging.init.0:139
C:/hostedtoolcache/windows/go/1.15.8/x64/src/runtime/proc.go:runtime.doInit:5652
C:/hostedtoolcache/windows/go/1.15.8/x64/src/runtime/proc.go:runtime.doInit:5647
C:/hostedtoolcache/windows/go/1.15.8/x64/src/runtime/proc.go:runtime.doInit:5647
C:/hostedtoolcache/windows/go/1.15.8/x64/src/runtime/proc.go:runtime.main:191
C:/hostedtoolcache/windows/go/1.15.8/x64/src/runtime/asm_amd64.s:runtime.goexit:1374

[DEBUG Jul  3 18:18:48.166493500, locale.go:34] Init
[DEBUG Jul  3 18:18:58.691612300, secrets.go:35] Gcloud Secretmanager failed to initialize (ignore if you're not trying to use gcloud): google: could not find default credentials. See https://developers.google.com/accounts/docs/application-default-credentials for more information.
[DEBUG Jul  3 18:18:59.814111700, output.go:52] Requested outputer for editor
[DEBUG Jul  3 18:18:59.814111700, output.go:69] Using Editor outputer
[DEBUG Jul  3 18:18:59.814111700, main.go:110] ConfigPath: C:\Users\Tanner\AppData\Roaming\activestate\cli-release
[DEBUG Jul  3 18:18:59.814111700, main.go:111] CachePath: C:\Users\Tanner\AppData\Local\activestate
[DEBUG Jul  3 18:18:59.815114100, subshell.go:87] Detected SHELL: C:\WINDOWS\system32\cmd.exe
[DEBUG Jul  3 18:18:59.815114100, subshell.go:122] Using binary: C:\WINDOWS\system32\cmd.exe
[DEBUG Jul  3 18:18:59.817432700, secrets.go:61] secrets-api scheme=https host=platform.activestate.com base_path=/api/secrets/v1
[DEBUG Jul  3 18:18:59.822432300, secrets.go:61] secrets-api scheme=https host=platform.activestate.com base_path=/api/secrets/v1
[DEBUG Jul  3 18:18:59.865779600, check.go:69] Checking for updates.
[DEBUG Jul  3 18:18:59.866773200, updater.go:270] Fetching update URL: https://state-tool.s3.amazonaws.com/update/state/release/windows-amd64.json
[DEBUG Jul  3 18:19:00.882606800, check.go:87] Automatically checking for updates timed out
[DEBUG Jul  3 18:19:00.882606800, deprecation.go:153] Fetching deprecation information from S3
